[2025-07-26 11:12:51,964] [DEBUG] - App started successfully
[2025-07-26 11:12:51,964] [DEBUG] - App started successfully
[2025-07-26 11:12:51,964] [DEBUG] - App started successfully
[2025-07-26 11:12:51,967] [INFO] - App started successfully
[2025-07-26 11:12:51,967] [INFO] - App started successfully
[2025-07-26 11:12:51,967] [INFO] - App started successfully
[2025-07-26 11:12:51,970] [WARNING] - This is a warning
[2025-07-26 11:12:51,970] [WARNING] - This is a warning
[2025-07-26 11:12:51,970] [WARNING] - This is a warning
[2025-07-26 11:12:51,972] [ERROR] - Something went wrong
[2025-07-26 11:12:51,972] [ERROR] - Something went wrong
[2025-07-26 11:12:51,972] [ERROR] - Something went wrong
[2025-07-26 11:13:17,234] [DEBUG] - App started successfully
[2025-07-26 11:13:17,234] [DEBUG] - App started successfully
[2025-07-26 11:13:17,234] [DEBUG] - App started successfully
[2025-07-26 11:13:17,237] [INFO] - App started successfully
[2025-07-26 11:13:17,237] [INFO] - App started successfully
[2025-07-26 11:13:17,237] [INFO] - App started successfully
[2025-07-26 11:13:17,240] [WARNING] - This is a warning
[2025-07-26 11:13:17,240] [WARNING] - This is a warning
[2025-07-26 11:13:17,240] [WARNING] - This is a warning
[2025-07-26 11:13:17,242] [ERROR] - Something went wrong
[2025-07-26 11:13:17,242] [ERROR] - Something went wrong
[2025-07-26 11:13:17,242] [ERROR] - Something went wrong
[2025-07-26 11:13:17,245] [INFO] - Hi Shanmukh
[2025-07-26 11:13:17,245] [INFO] - Hi Shanmukh
[2025-07-26 11:13:17,245] [INFO] - Hi Shanmukh
[2025-07-26 11:13:33,508] [DEBUG] - App started successfully
[2025-07-26 11:13:33,508] [DEBUG] - App started successfully
[2025-07-26 11:13:33,508] [DEBUG] - App started successfully
[2025-07-26 11:13:33,510] [INFO] - App started successfully
[2025-07-26 11:13:33,510] [INFO] - App started successfully
[2025-07-26 11:13:33,510] [INFO] - App started successfully
[2025-07-26 11:13:33,514] [WARNING] - This is a warning
[2025-07-26 11:13:33,514] [WARNING] - This is a warning
[2025-07-26 11:13:33,514] [WARNING] - This is a warning
[2025-07-26 11:13:33,515] [ERROR] - Something went wrong
[2025-07-26 11:13:33,515] [ERROR] - Something went wrong
[2025-07-26 11:13:33,515] [ERROR] - Something went wrong
[2025-07-26 11:13:33,517] [INFO] - Hi Shanmukh
[2025-07-26 11:13:33,517] [INFO] - Hi Shanmukh
[2025-07-26 11:13:33,517] [INFO] - Hi Shanmukh
[2025-07-26 11:15:19,568] [DEBUG] - App started successfully
[2025-07-26 11:15:19,568] [DEBUG] - App started successfully
[2025-07-26 11:15:19,568] [DEBUG] - App started successfully
[2025-07-26 11:15:19,568] [DEBUG] - App started successfully
[2025-07-26 11:15:19,573] [INFO] - App started successfully
[2025-07-26 11:15:19,573] [INFO] - App started successfully
[2025-07-26 11:15:19,573] [INFO] - App started successfully
[2025-07-26 11:15:19,573] [INFO] - App started successfully
[2025-07-26 11:15:19,575] [WARNING] - This is a warning
[2025-07-26 11:15:19,575] [WARNING] - This is a warning
[2025-07-26 11:15:19,575] [WARNING] - This is a warning
[2025-07-26 11:15:19,575] [WARNING] - This is a warning
[2025-07-26 11:15:19,577] [ERROR] - Something went wrong
[2025-07-26 11:15:19,577] [ERROR] - Something went wrong
[2025-07-26 11:15:19,577] [ERROR] - Something went wrong
[2025-07-26 11:15:19,577] [ERROR] - Something went wrong
[2025-07-26 11:15:19,580] [INFO] - Hi Shanmukh
[2025-07-26 11:15:19,580] [INFO] - Hi Shanmukh
[2025-07-26 11:15:19,580] [INFO] - Hi Shanmukh
[2025-07-26 11:15:19,580] [INFO] - Hi Shanmukh
[2025-07-26 11:15:39,985] [DEBUG] - App started successfully
[2025-07-26 11:15:39,985] [DEBUG] - App started successfully
[2025-07-26 11:15:39,985] [DEBUG] - App started successfully
[2025-07-26 11:15:39,985] [DEBUG] - App started successfully
[2025-07-26 11:15:39,985] [DEBUG] - App started successfully
[2025-07-26 11:15:39,989] [INFO] - App started successfully
[2025-07-26 11:15:39,989] [INFO] - App started successfully
[2025-07-26 11:15:39,989] [INFO] - App started successfully
[2025-07-26 11:15:39,989] [INFO] - App started successfully
[2025-07-26 11:15:39,989] [INFO] - App started successfully
[2025-07-26 11:15:39,993] [WARNING] - This is a warning
[2025-07-26 11:15:39,993] [WARNING] - This is a warning
[2025-07-26 11:15:39,993] [WARNING] - This is a warning
[2025-07-26 11:15:39,993] [WARNING] - This is a warning
[2025-07-26 11:15:39,993] [WARNING] - This is a warning
[2025-07-26 11:15:39,997] [ERROR] - Something went wrong
[2025-07-26 11:15:39,997] [ERROR] - Something went wrong
[2025-07-26 11:15:39,997] [ERROR] - Something went wrong
[2025-07-26 11:15:39,997] [ERROR] - Something went wrong
[2025-07-26 11:15:39,997] [ERROR] - Something went wrong
